<?xml version="1.0" encoding="UTF-8"?>
<!-- Generated by org.testng.reporters.JUnitReportReporter -->
<testsuite skipped="0" hostname="SIL-INA732X0FD" name="com.Balaji.tests.onlinestoretestone" tests="1" failures="0" timestamp="13 Jul 2018 10:42:31 GMT" time="0.005" errors="0">
  <testcase name="testone" time="0.005" classname="com.Balaji.tests.onlinestoretestone"/>
</testsuite> <!-- com.Balaji.tests.onlinestoretestone -->
